Created by PLY version 3.11 (http://www.dabeaz.com/ply)

Grammar

Rule 0     S' -> start
Rule 1     start -> PHP_CODE
Rule 2     start -> HTML_TAG
Rule 3     start -> HTML_CONTENT
Rule 4     start -> DOCTYPE

Terminals, with rules where they appear

DOCTYPE              : 4
HTML_CONTENT         : 3
HTML_TAG             : 2
PHP_CODE             : 1
error                : 

Nonterminals, with rules where they appear

start                : 0

Parsing method: LALR

state 0

    (0) S' -> . start
    (1) start -> . PHP_CODE
    (2) start -> . HTML_TAG
    (3) start -> . HTML_CONTENT
    (4) start -> . DOCTYPE

    PHP_CODE        shift and go to state 2
    HTML_TAG        shift and go to state 3
    HTML_CONTENT    shift and go to state 4
    DOCTYPE         shift and go to state 5

    start                          shift and go to state 1

state 1

    (0) S' -> start .



state 2

    (1) start -> PHP_CODE .

    $end            reduce using rule 1 (start -> PHP_CODE .)


state 3

    (2) start -> HTML_TAG .

    $end            reduce using rule 2 (start -> HTML_TAG .)


state 4

    (3) start -> HTML_CONTENT .

    $end            reduce using rule 3 (start -> HTML_CONTENT .)


state 5

    (4) start -> DOCTYPE .

    $end            reduce using rule 4 (start -> DOCTYPE .)

